<?xml version="1.0" encoding="UTF-8"?>
<testsuite xmlns:xsi="http://www.w3.org/2001/XMLSchema-instance" xsi:noNamespaceSchemaLocation="https://maven.apache.org/surefire/maven-surefire-plugin/xsd/surefire-test-report-3.0.xsd" version="3.0" name="com.aca.rystransportes.RySTransportesApplicationTests" time="16.434" tests="1" errors="0" skipped="0" failures="0">
  <properties>
[...]
</properties>
  <testcase name="contextLoads" classname="com.aca.rystransportes.RySTransportesApplicationTests" time="0.923">
    <system-out><![CDATA[00:13:56.257 [main] INFO org.springframework.test.context.support.AnnotationConfigContextLoaderUtils -- Could not detect default configuration classes for test class [com.aca.rystransportes.RySTransportesApplicationTests]: RySTransportesApplicationTests does not declare any static, non-private, non-final, nested classes annotated with @Configuration.
00:13:56.458 [main] INFO org.springframework.boot.test.context.SpringBootTestContextBootstrapper -- Found @SpringBootConfiguration com.aca.rystransportes.RySTransportesApplication for test class com.aca.rystransportes.RySTransportesApplicationTests

  .   ____          _            __ _ _
 /\\ / ___'_ __ _ _(_)_ __  __ _ \ \ \ \
( ( )\___ | '_ | '_| | '_ \/ _` | \ \ \ \
 \\/  ___)| |_)| | | | | || (_| |  ) ) ) )
  '  |____| .__|_| |_|_| |_\__, | / / / /
 =========|_|==============|___/=/_/_/_/
 :: Spring Boot ::                (v3.1.1)

2023-11-17T00:13:57.414-06:00  INFO 23056 --- [           main] c.a.r.RySTransportesApplicationTests     : Starting RySTransportesApplicationTests using Java 17.0.1 with PID 23056 (started by andre in C:\Users\andre\Desktop\UCA\02 2023\PRÁCTICA PROFESIONAL 2\PROYECTO\BACKEND\RyS-Web-Service\RySTransportes)
2023-11-17T00:13:57.425-06:00  INFO 23056 --- [           main] c.a.r.RySTransportesApplicationTests     : No active profile set, falling back to 1 default profile: "default"
2023-11-17T00:13:59.285-06:00  INFO 23056 --- [           main] .s.d.r.c.RepositoryConfigurationDelegate : Bootstrapping Spring Data JPA repositories in DEFAULT mode.
2023-11-17T00:13:59.472-06:00  INFO 23056 --- [           main] .s.d.r.c.RepositoryConfigurationDelegate : Finished Spring Data repository scanning in 162 ms. Found 7 JPA repository interfaces.
2023-11-17T00:14:00.662-06:00  INFO 23056 --- [           main] o.hibernate.jpa.internal.util.LogHelper  : HHH000204: Processing PersistenceUnitInfo [name: default]
2023-11-17T00:14:00.796-06:00  INFO 23056 --- [           main] org.hibernate.Version                    : HHH000412: Hibernate ORM core version 6.2.5.Final
2023-11-17T00:14:00.800-06:00  INFO 23056 --- [           main] org.hibernate.cfg.Environment            : HHH000406: Using bytecode reflection optimizer
2023-11-17T00:14:01.272-06:00  INFO 23056 --- [           main] o.h.b.i.BytecodeProviderInitiator        : HHH000021: Bytecode provider name : bytebuddy
2023-11-17T00:14:01.606-06:00  INFO 23056 --- [           main] o.s.o.j.p.SpringPersistenceUnitInfo      : No LoadTimeWeaver setup: ignoring JPA class transformer
2023-11-17T00:14:01.650-06:00  INFO 23056 --- [           main] com.zaxxer.hikari.HikariDataSource       : HikariPool-1 - Starting...
2023-11-17T00:14:03.374-06:00  INFO 23056 --- [           main] com.zaxxer.hikari.pool.HikariPool        : HikariPool-1 - Added connection org.postgresql.jdbc.PgConnection@6caa4dc5
2023-11-17T00:14:03.376-06:00  INFO 23056 --- [           main] com.zaxxer.hikari.HikariDataSource       : HikariPool-1 - Start completed.
2023-11-17T00:14:04.183-06:00  INFO 23056 --- [           main] o.h.b.i.BytecodeProviderInitiator        : HHH000021: Bytecode provider name : bytebuddy
2023-11-17T00:14:05.665-06:00  INFO 23056 --- [           main] o.h.e.t.j.p.i.JtaPlatformInitiator       : HHH000490: Using JtaPlatform implementation: [org.hibernate.engine.transaction.jta.platform.internal.NoJtaPlatform]
Hibernate: 
    alter table if exists employeefreight 
       alter column extrapayment set data type float4
Hibernate: 
    alter table if exists employeefreight 
       alter column freight_date set data type timestamp(6)
Hibernate: 
    alter table if exists employeefreight 
       alter column payment set data type float4
Hibernate: 
    alter table if exists employeefreight 
       alter column viatic set data type float4
Hibernate: 
    alter table if exists freights 
       alter column freightdate set data type timestamp(6)
Hibernate: 
    alter table if exists token 
       alter column timestamp set data type timestamp(6)
Hibernate: 
    alter table if exists users 
       alter column startdate set data type timestamp(6)
2023-11-17T00:14:08.933-06:00  INFO 23056 --- [           main] j.LocalContainerEntityManagerFactoryBean : Initialized JPA EntityManagerFactory for persistence unit 'default'
2023-11-17T00:14:10.014-06:00  WARN 23056 --- [           main] JpaBaseConfiguration$JpaWebConfiguration : spring.jpa.open-in-view is enabled by default. Therefore, database queries may be performed during view rendering. Explicitly configure spring.jpa.open-in-view to disable this warning
2023-11-17T00:14:10.696-06:00  INFO 23056 --- [           main] o.s.s.web.DefaultSecurityFilterChain     : Will secure any request with [org.springframework.security.web.session.DisableEncodeUrlFilter@1de6f29d, org.springframework.security.web.context.request.async.WebAsyncManagerIntegrationFilter@488c608a, org.springframework.security.web.context.SecurityContextHolderFilter@2c376461, org.springframework.security.web.header.HeaderWriterFilter@1d82d35c, org.springframework.security.web.authentication.logout.LogoutFilter@4ee80a94, com.aca.rystransportes.utils.JwtFilter@1ec09a68, org.springframework.security.web.savedrequest.RequestCacheAwareFilter@4a76c90, org.springframework.security.web.servletapi.SecurityContextHolderAwareRequestFilter@47a90d2a, org.springframework.security.web.authentication.AnonymousAuthenticationFilter@3b6c55b6, org.springframework.security.web.access.ExceptionTranslationFilter@28dd038f, org.springframework.security.web.access.intercept.AuthorizationFilter@90b9695]
2023-11-17T00:14:11.377-06:00  INFO 23056 --- [           main] c.a.r.RySTransportesApplicationTests     : Started RySTransportesApplicationTests in 14.597 seconds (process running for 16.931)
]]></system-out>
  </testcase>
</testsuite>